This is pdfTeX, Version 3.141592653-2.6-1.40.23 (TeX Live 2022/dev) (preloaded format=pdflatex 2022.1.26)  26 JAN 2022 18:04
entering extended mode
 restricted \write18 enabled.
 %&-line parsing enabled.
**gp-manuscript-papaja.tex
(./gp-manuscript-papaja.tex
LaTeX2e <2021-11-15> patch level 1
L3 programming layer <2022-01-21> (/Users/michaelkramer/Library/TinyTeX/texmf-dist/tex/latex/apa7/apa7.cls
Document Class: apa7 2022/01/03 v2.15 APA formatting (7th edition)

! Class apa7 Error: Option removed: no longer uses as of version 2.15.

See the apa7 class documentation for explanation.
Type  H <return>  for immediate help.
 ...                                              
                                                  
l.141 \ProcessOptions\relax
                            
Here is how much of TeX's memory you used:
 115 strings out of 480247
 1976 string characters out of 5894637
 285708 words of memory out of 5000000
 18153 multiletter control sequences out of 15000+600000
 469259 words of font info for 28 fonts, out of 8000000 for 9000
 14 hyphenation exceptions out of 8191
 26i,0n,34p,181b,17s stack positions out of 5000i,500n,10000p,200000b,80000s

!  ==> Fatal error occurred, no output PDF file produced!
